[2017-12-07 19:49:19:826] [INFO] [com.lmtech.cloud.eureka.Application.main()] org.springframework.context.annotation.AnnotationConfigApplicationContext - Refreshing org.springframework.context.annotation.AnnotationConfigApplicationContext@3bc15bb: startup date [Thu Dec 07 19:49:19 CST 2017]; root of context hierarchy
[2017-12-07 19:49:20:117] [INFO] [com.lmtech.cloud.eureka.Application.main()] org.springframework.beans.factory.annotation.AutowiredAnnotationBeanPostProcessor - JSR-330 'javax.inject.Inject' annotation found and supported for autowiring
[2017-12-07 19:49:20:200] [INFO] [com.lmtech.cloud.eureka.Application.main()] org.springframework.context.support.PostProcessorRegistrationDelegate$BeanPostProcessorChecker - Bean 'configurationPropertiesRebinderAutoConfiguration' of type [org.springframework.cloud.autoconfigure.ConfigurationPropertiesRebinderAutoConfiguration$$EnhancerBySpringCGLIB$$13fabf93] is not eligible for getting processed by all BeanPostProcessors (for example: not eligible for auto-proxying)
[2017-12-07 19:49:20:335] [INFO] [background-preinit] org.hibernate.validator.internal.util.Version - HV000001: Hibernate Validator 5.3.5.Final
[2017-12-07 19:49:20:980] [INFO] [com.lmtech.cloud.eureka.Application.main()] com.lmtech.cloud.eureka.Application - No active profile set, falling back to default profiles: default
[2017-12-07 19:49:21:043] [INFO] [com.lmtech.cloud.eureka.Application.main()] org.springframework.boot.context.embedded.AnnotationConfigEmbeddedWebApplicationContext - Refreshing org.springframework.boot.context.embedded.AnnotationConfigEmbeddedWebApplicationContext@1df7d1f0: startup date [Thu Dec 07 19:49:21 CST 2017]; parent: org.springframework.context.annotation.AnnotationConfigApplicationContext@3bc15bb
[2017-12-07 19:49:22:464] [INFO] [com.lmtech.cloud.eureka.Application.main()] org.springframework.cloud.context.scope.GenericScope - BeanFactory id=67c5fd3e-fc7c-3f6a-83cf-11eb695f6579
[2017-12-07 19:49:22:495] [INFO] [com.lmtech.cloud.eureka.Application.main()] org.springframework.beans.factory.annotation.AutowiredAnnotationBeanPostProcessor - JSR-330 'javax.inject.Inject' annotation found and supported for autowiring
[2017-12-07 19:49:22:587] [INFO] [com.lmtech.cloud.eureka.Application.main()] org.springframework.context.support.PostProcessorRegistrationDelegate$BeanPostProcessorChecker - Bean 'org.springframework.cloud.netflix.metrics.MetricsInterceptorConfiguration$MetricsRestTemplateConfiguration' of type [org.springframework.cloud.netflix.metrics.MetricsInterceptorConfiguration$MetricsRestTemplateConfiguration$$EnhancerBySpringCGLIB$$2a0d62d7] is not eligible for getting processed by all BeanPostProcessors (for example: not eligible for auto-proxying)
[2017-12-07 19:49:22:602] [INFO] [com.lmtech.cloud.eureka.Application.main()] org.springframework.context.support.PostProcessorRegistrationDelegate$BeanPostProcessorChecker - Bean 'org.springframework.cloud.autoconfigure.ConfigurationPropertiesRebinderAutoConfiguration' of type [org.springframework.cloud.autoconfigure.ConfigurationPropertiesRebinderAutoConfiguration$$EnhancerBySpringCGLIB$$13fabf93] is not eligible for getting processed by all BeanPostProcessors (for example: not eligible for auto-proxying)
[2017-12-07 19:49:23:042] [INFO] [com.lmtech.cloud.eureka.Application.main()] org.springframework.boot.context.embedded.tomcat.TomcatEmbeddedServletContainer - Tomcat initialized with port(s): 9999 (http)
[2017-12-07 19:49:23:052] [INFO] [com.lmtech.cloud.eureka.Application.main()] org.apache.catalina.core.StandardService - Starting service [Tomcat]
[2017-12-07 19:49:23:053] [INFO] [com.lmtech.cloud.eureka.Application.main()] org.apache.catalina.core.StandardEngine - Starting Servlet Engine: Apache Tomcat/8.5.15
[2017-12-07 19:49:23:194] [INFO] [localhost-startStop-1] org.apache.catalina.core.ContainerBase.[Tomcat].[localhost].[/] - Initializing Spring embedded WebApplicationContext
[2017-12-07 19:49:23:194] [INFO] [localhost-startStop-1] org.springframework.web.context.ContextLoader - Root WebApplicationContext: initialization completed in 2151 ms
[2017-12-07 19:49:24:095] [INFO] [localhost-startStop-1] org.springframework.boot.web.servlet.FilterRegistrationBean - Mapping filter: 'metricsFilter' to: [/*]
[2017-12-07 19:49:24:096] [INFO] [localhost-startStop-1] org.springframework.boot.web.servlet.FilterRegistrationBean - Mapping filter: 'characterEncodingFilter' to: [/*]
[2017-12-07 19:49:24:096] [INFO] [localhost-startStop-1] org.springframework.boot.web.servlet.FilterRegistrationBean - Mapping filter: 'hiddenHttpMethodFilter' to: [/*]
[2017-12-07 19:49:24:096] [INFO] [localhost-startStop-1] org.springframework.boot.web.servlet.FilterRegistrationBean - Mapping filter: 'httpPutFormContentFilter' to: [/*]
[2017-12-07 19:49:24:096] [INFO] [localhost-startStop-1] org.springframework.boot.web.servlet.FilterRegistrationBean - Mapping filter: 'requestContextFilter' to: [/*]
[2017-12-07 19:49:24:097] [INFO] [localhost-startStop-1] org.springframework.boot.web.servlet.FilterRegistrationBean - Mapping filter: 'webRequestTraceFilter' to: [/*]
[2017-12-07 19:49:24:097] [INFO] [localhost-startStop-1] org.springframework.boot.web.servlet.FilterRegistrationBean - Mapping filter: 'servletContainer' to urls: [/eureka/*]
[2017-12-07 19:49:24:097] [INFO] [localhost-startStop-1] org.springframework.boot.web.servlet.FilterRegistrationBean - Mapping filter: 'applicationContextIdFilter' to: [/*]
[2017-12-07 19:49:24:097] [INFO] [localhost-startStop-1] org.springframework.boot.web.servlet.ServletRegistrationBean - Mapping servlet: 'dispatcherServlet' to [/]
[2017-12-07 19:49:24:482] [INFO] [localhost-startStop-1] com.sun.jersey.server.impl.application.WebApplicationImpl - Initiating Jersey application, version 'Jersey: 1.19.1 03/11/2016 02:08 PM'
[2017-12-07 19:49:24:720] [INFO] [localhost-startStop-1] com.netflix.discovery.provider.DiscoveryJerseyProvider - Using JSON encoding codec LegacyJacksonJson
[2017-12-07 19:49:24:722] [INFO] [localhost-startStop-1] com.netflix.discovery.provider.DiscoveryJerseyProvider - Using JSON decoding codec LegacyJacksonJson
[2017-12-07 19:49:25:224] [INFO] [localhost-startStop-1] com.netflix.discovery.provider.DiscoveryJerseyProvider - Using XML encoding codec XStreamXml
[2017-12-07 19:49:25:224] [INFO] [localhost-startStop-1] com.netflix.discovery.provider.DiscoveryJerseyProvider - Using XML decoding codec XStreamXml
[2017-12-07 19:49:27:894] [WARN] [com.lmtech.cloud.eureka.Application.main()] com.netflix.config.sources.URLConfigurationSource - No URLs will be polled as dynamic configuration sources.
[2017-12-07 19:49:27:894] [INFO] [com.lmtech.cloud.eureka.Application.main()] com.netflix.config.sources.URLConfigurationSource - To enable URLs as dynamic configuration sources, define System property archaius.configurationSource.additionalUrls or make config.properties available on classpath.
[2017-12-07 19:49:27:903] [WARN] [com.lmtech.cloud.eureka.Application.main()] com.netflix.config.sources.URLConfigurationSource - No URLs will be polled as dynamic configuration sources.
[2017-12-07 19:49:27:904] [INFO] [com.lmtech.cloud.eureka.Application.main()] com.netflix.config.sources.URLConfigurationSource - To enable URLs as dynamic configuration sources, define System property archaius.configurationSource.additionalUrls or make config.properties available on classpath.
[2017-12-07 19:49:28:231] [INFO] [com.lmtech.cloud.eureka.Application.main()] org.springframework.web.servlet.mvc.method.annotation.RequestMappingHandlerAdapter - Looking for @ControllerAdvice: org.springframework.boot.context.embedded.AnnotationConfigEmbeddedWebApplicationContext@1df7d1f0: startup date [Thu Dec 07 19:49:21 CST 2017]; parent: org.springframework.context.annotation.AnnotationConfigApplicationContext@3bc15bb
[2017-12-07 19:49:28:389] [INFO] [com.lmtech.cloud.eureka.Application.main()] org.springframework.web.servlet.mvc.method.annotation.RequestMappingHandlerMapping - Mapped "{[/error]}" onto public org.springframework.http.ResponseEntity<java.util.Map<java.lang.String, java.lang.Object>> org.springframework.boot.autoconfigure.web.BasicErrorController.error(javax.servlet.http.HttpServletRequest)
[2017-12-07 19:49:28:390] [INFO] [com.lmtech.cloud.eureka.Application.main()] org.springframework.web.servlet.mvc.method.annotation.RequestMappingHandlerMapping - Mapped "{[/error],produces=[text/html]}" onto public org.springframework.web.servlet.ModelAndView org.springframework.boot.autoconfigure.web.BasicErrorController.errorHtml(javax.servlet.http.HttpServletRequest,javax.servlet.http.HttpServletResponse)
[2017-12-07 19:49:28:397] [INFO] [com.lmtech.cloud.eureka.Application.main()] org.springframework.web.servlet.mvc.method.annotation.RequestMappingHandlerMapping - Mapped "{[/],methods=[GET]}" onto public java.lang.String org.springframework.cloud.netflix.eureka.server.EurekaController.status(javax.servlet.http.HttpServletRequest,java.util.Map<java.lang.String, java.lang.Object>)
[2017-12-07 19:49:28:397] [INFO] [com.lmtech.cloud.eureka.Application.main()] org.springframework.web.servlet.mvc.method.annotation.RequestMappingHandlerMapping - Mapped "{[/lastn],methods=[GET]}" onto public java.lang.String org.springframework.cloud.netflix.eureka.server.EurekaController.lastn(javax.servlet.http.HttpServletRequest,java.util.Map<java.lang.String, java.lang.Object>)
[2017-12-07 19:49:28:432] [INFO] [com.lmtech.cloud.eureka.Application.main()] org.springframework.web.servlet.handler.SimpleUrlHandlerMapping - Mapped URL path [/webjars/**] onto handler of type [class org.springframework.web.servlet.resource.ResourceHttpRequestHandler]
[2017-12-07 19:49:28:432] [INFO] [com.lmtech.cloud.eureka.Application.main()] org.springframework.web.servlet.handler.SimpleUrlHandlerMapping - Mapped URL path [/**] onto handler of type [class org.springframework.web.servlet.resource.ResourceHttpRequestHandler]
[2017-12-07 19:49:28:512] [INFO] [com.lmtech.cloud.eureka.Application.main()] org.springframework.web.servlet.handler.SimpleUrlHandlerMapping - Mapped URL path [/**/favicon.ico] onto handler of type [class org.springframework.web.servlet.resource.ResourceHttpRequestHandler]
[2017-12-07 19:49:29:332] [INFO] [com.lmtech.cloud.eureka.Application.main()] org.springframework.boot.actuate.endpoint.mvc.EndpointHandlerMapping - Mapped "{[/auditevents || /auditevents.json],methods=[GET],produces=[application/vnd.spring-boot.actuator.v1+json || application/json]}" onto public org.springframework.http.ResponseEntity<?> org.springframework.boot.actuate.endpoint.mvc.AuditEventsMvcEndpoint.findByPrincipalAndAfterAndType(java.lang.String,java.util.Date,java.lang.String)
[2017-12-07 19:49:29:334] [INFO] [com.lmtech.cloud.eureka.Application.main()] org.springframework.boot.actuate.endpoint.mvc.EndpointHandlerMapping - Mapped "{[/loggers/{name:.*}],methods=[GET],produces=[application/vnd.spring-boot.actuator.v1+json || application/json]}" onto public java.lang.Object org.springframework.boot.actuate.endpoint.mvc.LoggersMvcEndpoint.get(java.lang.String)
[2017-12-07 19:49:29:335] [INFO] [com.lmtech.cloud.eureka.Application.main()] org.springframework.boot.actuate.endpoint.mvc.EndpointHandlerMapping - Mapped "{[/loggers/{name:.*}],methods=[POST],consumes=[application/vnd.spring-boot.actuator.v1+json || application/json],produces=[application/vnd.spring-boot.actuator.v1+json || application/json]}" onto public java.lang.Object org.springframework.boot.actuate.endpoint.mvc.LoggersMvcEndpoint.set(java.lang.String,java.util.Map<java.lang.String, java.lang.String>)
[2017-12-07 19:49:29:335] [INFO] [com.lmtech.cloud.eureka.Application.main()] org.springframework.boot.actuate.endpoint.mvc.EndpointHandlerMapping - Mapped "{[/loggers || /loggers.json],methods=[GET],produces=[application/vnd.spring-boot.actuator.v1+json || application/json]}" onto public java.lang.Object org.springframework.boot.actuate.endpoint.mvc.EndpointMvcAdapter.invoke()
[2017-12-07 19:49:29:336] [INFO] [com.lmtech.cloud.eureka.Application.main()] org.springframework.boot.actuate.endpoint.mvc.EndpointHandlerMapping - Mapped "{[/configprops || /configprops.json],methods=[GET],produces=[application/vnd.spring-boot.actuator.v1+json || application/json]}" onto public java.lang.Object org.springframework.boot.actuate.endpoint.mvc.EndpointMvcAdapter.invoke()
[2017-12-07 19:49:29:337] [INFO] [com.lmtech.cloud.eureka.Application.main()] org.springframework.boot.actuate.endpoint.mvc.EndpointHandlerMapping - Mapped "{[/restart || /restart.json],methods=[POST]}" onto public java.lang.Object org.springframework.cloud.context.restart.RestartMvcEndpoint.invoke()
[2017-12-07 19:49:29:338] [INFO] [com.lmtech.cloud.eureka.Application.main()] org.springframework.boot.actuate.endpoint.mvc.EndpointHandlerMapping - Mapped "{[/env/{name:.*}],methods=[GET],produces=[application/vnd.spring-boot.actuator.v1+json || application/json]}" onto public java.lang.Object org.springframework.boot.actuate.endpoint.mvc.EnvironmentMvcEndpoint.value(java.lang.String)
[2017-12-07 19:49:29:339] [INFO] [com.lmtech.cloud.eureka.Application.main()] org.springframework.boot.actuate.endpoint.mvc.EndpointHandlerMapping - Mapped "{[/env || /env.json],methods=[GET],produces=[application/vnd.spring-boot.actuator.v1+json || application/json]}" onto public java.lang.Object org.springframework.boot.actuate.endpoint.mvc.EndpointMvcAdapter.invoke()
[2017-12-07 19:49:29:340] [INFO] [com.lmtech.cloud.eureka.Application.main()] org.springframework.boot.actuate.endpoint.mvc.EndpointHandlerMapping - Mapped "{[/heapdump || /heapdump.json],methods=[GET],produces=[application/octet-stream]}" onto public void org.springframework.boot.actuate.endpoint.mvc.HeapdumpMvcEndpoint.invoke(boolean,javax.servlet.http.HttpServletRequest,javax.servlet.http.HttpServletResponse) throws java.io.IOException,javax.servlet.ServletException
[2017-12-07 19:49:29:340] [INFO] [com.lmtech.cloud.eureka.Application.main()] org.springframework.boot.actuate.endpoint.mvc.EndpointHandlerMapping - Mapped "{[/health || /health.json],methods=[GET],produces=[application/vnd.spring-boot.actuator.v1+json || application/json]}" onto public java.lang.Object org.springframework.boot.actuate.endpoint.mvc.HealthMvcEndpoint.invoke(javax.servlet.http.HttpServletRequest,java.security.Principal)
[2017-12-07 19:49:29:353] [INFO] [com.lmtech.cloud.eureka.Application.main()] org.springframework.boot.actuate.endpoint.mvc.EndpointHandlerMapping - Mapped "{[/autoconfig || /autoconfig.json],methods=[GET],produces=[application/vnd.spring-boot.actuator.v1+json || application/json]}" onto public java.lang.Object org.springframework.boot.actuate.endpoint.mvc.EndpointMvcAdapter.invoke()
[2017-12-07 19:49:29:354] [INFO] [com.lmtech.cloud.eureka.Application.main()] org.springframework.boot.actuate.endpoint.mvc.EndpointHandlerMapping - Mapped "{[/features || /features.json],methods=[GET],produces=[application/vnd.spring-boot.actuator.v1+json || application/json]}" onto public java.lang.Object org.springframework.boot.actuate.endpoint.mvc.EndpointMvcAdapter.invoke()
[2017-12-07 19:49:29:355] [INFO] [com.lmtech.cloud.eureka.Application.main()] org.springframework.boot.actuate.endpoint.mvc.EndpointHandlerMapping - Mapped "{[/info || /info.json],methods=[GET],produces=[application/vnd.spring-boot.actuator.v1+json || application/json]}" onto public java.lang.Object org.springframework.boot.actuate.endpoint.mvc.EndpointMvcAdapter.invoke()
[2017-12-07 19:49:29:356] [INFO] [com.lmtech.cloud.eureka.Application.main()] org.springframework.boot.actuate.endpoint.mvc.EndpointHandlerMapping - Mapped "{[/refresh || /refresh.json],methods=[POST]}" onto public java.lang.Object org.springframework.cloud.endpoint.GenericPostableMvcEndpoint.invoke()
[2017-12-07 19:49:29:357] [INFO] [com.lmtech.cloud.eureka.Application.main()] org.springframework.boot.actuate.endpoint.mvc.EndpointHandlerMapping - Mapped "{[/beans || /beans.json],methods=[GET],produces=[application/vnd.spring-boot.actuator.v1+json || application/json]}" onto public java.lang.Object org.springframework.boot.actuate.endpoint.mvc.EndpointMvcAdapter.invoke()
[2017-12-07 19:49:29:358] [INFO] [com.lmtech.cloud.eureka.Application.main()] org.springframework.boot.actuate.endpoint.mvc.EndpointHandlerMapping - Mapped "{[/service-registry/instance-status],methods=[GET]}" onto public org.springframework.http.ResponseEntity org.springframework.cloud.client.serviceregistry.endpoint.ServiceRegistryEndpoint.getStatus()
[2017-12-07 19:49:29:358] [INFO] [com.lmtech.cloud.eureka.Application.main()] org.springframework.boot.actuate.endpoint.mvc.EndpointHandlerMapping - Mapped "{[/service-registry/instance-status],methods=[POST]}" onto public org.springframework.http.ResponseEntity<?> org.springframework.cloud.client.serviceregistry.endpoint.ServiceRegistryEndpoint.setStatus(java.lang.String)
[2017-12-07 19:49:29:359] [INFO] [com.lmtech.cloud.eureka.Application.main()] org.springframework.boot.actuate.endpoint.mvc.EndpointHandlerMapping - Mapped "{[/archaius || /archaius.json],methods=[GET],produces=[application/vnd.spring-boot.actuator.v1+json || application/json]}" onto public java.lang.Object org.springframework.boot.actuate.endpoint.mvc.EndpointMvcAdapter.invoke()
[2017-12-07 19:49:29:360] [INFO] [com.lmtech.cloud.eureka.Application.main()] org.springframework.boot.actuate.endpoint.mvc.EndpointHandlerMapping - Mapped "{[/trace || /trace.json],methods=[GET],produces=[application/vnd.spring-boot.actuator.v1+json || application/json]}" onto public java.lang.Object org.springframework.boot.actuate.endpoint.mvc.EndpointMvcAdapter.invoke()
[2017-12-07 19:49:29:361] [INFO] [com.lmtech.cloud.eureka.Application.main()] org.springframework.boot.actuate.endpoint.mvc.EndpointHandlerMapping - Mapped "{[/metrics/{name:.*}],methods=[GET],produces=[application/vnd.spring-boot.actuator.v1+json || application/json]}" onto public java.lang.Object org.springframework.boot.actuate.endpoint.mvc.MetricsMvcEndpoint.value(java.lang.String)
[2017-12-07 19:49:29:362] [INFO] [com.lmtech.cloud.eureka.Application.main()] org.springframework.boot.actuate.endpoint.mvc.EndpointHandlerMapping - Mapped "{[/metrics || /metrics.json],methods=[GET],produces=[application/vnd.spring-boot.actuator.v1+json || application/json]}" onto public java.lang.Object org.springframework.boot.actuate.endpoint.mvc.EndpointMvcAdapter.invoke()
[2017-12-07 19:49:29:364] [INFO] [com.lmtech.cloud.eureka.Application.main()] org.springframework.boot.actuate.endpoint.mvc.EndpointHandlerMapping - Mapped "{[/resume || /resume.json],methods=[POST]}" onto public java.lang.Object org.springframework.cloud.endpoint.GenericPostableMvcEndpoint.invoke()
[2017-12-07 19:49:29:365] [INFO] [com.lmtech.cloud.eureka.Application.main()] org.springframework.boot.actuate.endpoint.mvc.EndpointHandlerMapping - Mapped "{[/dump || /dump.json],methods=[GET],produces=[application/vnd.spring-boot.actuator.v1+json || application/json]}" onto public java.lang.Object org.springframework.boot.actuate.endpoint.mvc.EndpointMvcAdapter.invoke()
[2017-12-07 19:49:29:366] [INFO] [com.lmtech.cloud.eureka.Application.main()] org.springframework.boot.actuate.endpoint.mvc.EndpointHandlerMapping - Mapped "{[/env],methods=[POST]}" onto public java.lang.Object org.springframework.cloud.context.environment.EnvironmentManagerMvcEndpoint.value(java.util.Map<java.lang.String, java.lang.String>)
[2017-12-07 19:49:29:366] [INFO] [com.lmtech.cloud.eureka.Application.main()] org.springframework.boot.actuate.endpoint.mvc.EndpointHandlerMapping - Mapped "{[/env/reset],methods=[POST]}" onto public java.util.Map<java.lang.String, java.lang.Object> org.springframework.cloud.context.environment.EnvironmentManagerMvcEndpoint.reset()
[2017-12-07 19:49:29:367] [INFO] [com.lmtech.cloud.eureka.Application.main()] org.springframework.boot.actuate.endpoint.mvc.EndpointHandlerMapping - Mapped "{[/pause || /pause.json],methods=[POST]}" onto public java.lang.Object org.springframework.cloud.endpoint.GenericPostableMvcEndpoint.invoke()
[2017-12-07 19:49:29:367] [INFO] [com.lmtech.cloud.eureka.Application.main()] org.springframework.boot.actuate.endpoint.mvc.EndpointHandlerMapping - Mapped "{[/mappings || /mappings.json],methods=[GET],produces=[application/vnd.spring-boot.actuator.v1+json || application/json]}" onto public java.lang.Object org.springframework.boot.actuate.endpoint.mvc.EndpointMvcAdapter.invoke()
[2017-12-07 19:49:29:725] [INFO] [com.lmtech.cloud.eureka.Application.main()] org.springframework.ui.freemarker.SpringTemplateLoader - SpringTemplateLoader for FreeMarker: using resource loader [org.springframework.boot.context.embedded.AnnotationConfigEmbeddedWebApplicationContext@1df7d1f0: startup date [Thu Dec 07 19:49:21 CST 2017]; parent: org.springframework.context.annotation.AnnotationConfigApplicationContext@3bc15bb] and template loader path [classpath:/templates/]
[2017-12-07 19:49:29:726] [INFO] [com.lmtech.cloud.eureka.Application.main()] org.springframework.web.servlet.view.freemarker.FreeMarkerConfigurer - ClassTemplateLoader for Spring macros added to FreeMarker configuration
[2017-12-07 19:49:29:893] [INFO] [com.lmtech.cloud.eureka.Application.main()] org.springframework.cloud.netflix.eureka.InstanceInfoFactory - Setting initial instance status as: STARTING
[2017-12-07 19:49:29:952] [INFO] [com.lmtech.cloud.eureka.Application.main()] com.netflix.discovery.DiscoveryClient - Initializing Eureka in region us-east-1
[2017-12-07 19:49:29:953] [INFO] [com.lmtech.cloud.eureka.Application.main()] com.netflix.discovery.DiscoveryClient - Client configured to neither register nor query for data.
[2017-12-07 19:49:29:977] [INFO] [com.lmtech.cloud.eureka.Application.main()] com.netflix.discovery.DiscoveryClient - Discovery Client initialized at timestamp 1512647369969 with initial instances count: 0
[2017-12-07 19:49:30:072] [INFO] [com.lmtech.cloud.eureka.Application.main()] com.netflix.eureka.DefaultEurekaServerContext - Initializing ...
[2017-12-07 19:49:30:077] [WARN] [com.lmtech.cloud.eureka.Application.main()] com.netflix.eureka.cluster.PeerEurekaNodes - Cannot parse service URI http://${eureka.instance.hostname}:${server.port}/eureka/
java.net.URISyntaxException: Illegal character in authority at index 7: http://${eureka.instance.hostname}:${server.port}/eureka/
	at java.net.URI$Parser.fail(URI.java:2848)
	at java.net.URI$Parser.parseAuthority(URI.java:3186)
	at java.net.URI$Parser.parseHierarchical(URI.java:3097)
	at java.net.URI$Parser.parse(URI.java:3053)
	at java.net.URI.<init>(URI.java:588)
	at com.netflix.eureka.cluster.PeerEurekaNodes.hostFromUrl(PeerEurekaNodes.java:258)
	at com.netflix.eureka.cluster.PeerEurekaNodes.isInstanceURL(PeerEurekaNodes.java:247)
	at com.netflix.eureka.cluster.PeerEurekaNodes.isThisMyUrl(PeerEurekaNodes.java:236)
	at com.netflix.eureka.cluster.PeerEurekaNodes.resolvePeerUrls(PeerEurekaNodes.java:139)
	at com.netflix.eureka.cluster.PeerEurekaNodes.start(PeerEurekaNodes.java:88)
	at com.netflix.eureka.DefaultEurekaServerContext.initialize(DefaultEurekaServerContext.java:64)
	at sun.reflect.NativeMethodAccessorImpl.invoke0(Native Method)
	at sun.reflect.NativeMethodAccessorImpl.invoke(NativeMethodAccessorImpl.java:62)
	at sun.reflect.DelegatingMethodAccessorImpl.invoke(DelegatingMethodAccessorImpl.java:43)
	at java.lang.reflect.Method.invoke(Method.java:498)
	at org.springframework.beans.factory.annotation.InitDestroyAnnotationBeanPostProcessor$LifecycleElement.invoke(InitDestroyAnnotationBeanPostProcessor.java:366)
	at org.springframework.beans.factory.annotation.InitDestroyAnnotationBeanPostProcessor$LifecycleMetadata.invokeInitMethods(InitDestroyAnnotationBeanPostProcessor.java:311)
	at org.springframework.beans.factory.annotation.InitDestroyAnnotationBeanPostProcessor.postProcessBeforeInitialization(InitDestroyAnnotationBeanPostProcessor.java:134)
	at org.springframework.beans.factory.support.AbstractAutowireCapableBeanFactory.applyBeanPostProcessorsBeforeInitialization(AbstractAutowireCapableBeanFactory.java:409)
	at org.springframework.beans.factory.support.AbstractAutowireCapableBeanFactory.initializeBean(AbstractAutowireCapableBeanFactory.java:1620)
	at org.springframework.beans.factory.support.AbstractAutowireCapableBeanFactory.doCreateBean(AbstractAutowireCapableBeanFactory.java:555)
	at org.springframework.beans.factory.support.AbstractAutowireCapableBeanFactory.createBean(AbstractAutowireCapableBeanFactory.java:483)
	at org.springframework.beans.factory.support.AbstractBeanFactory$1.getObject(AbstractBeanFactory.java:306)
	at org.springframework.beans.factory.support.DefaultSingletonBeanRegistry.getSingleton(DefaultSingletonBeanRegistry.java:230)
	at org.springframework.beans.factory.support.AbstractBeanFactory.doGetBean(AbstractBeanFactory.java:302)
	at org.springframework.beans.factory.support.AbstractBeanFactory.getBean(AbstractBeanFactory.java:202)
	at org.springframework.beans.factory.config.DependencyDescriptor.resolveCandidate(DependencyDescriptor.java:208)
	at org.springframework.beans.factory.support.DefaultListableBeanFactory.doResolveDependency(DefaultListableBeanFactory.java:1138)
	at org.springframework.beans.factory.support.DefaultListableBeanFactory.resolveDependency(DefaultListableBeanFactory.java:1066)
	at org.springframework.beans.factory.support.ConstructorResolver.resolveAutowiredArgument(ConstructorResolver.java:835)
	at org.springframework.beans.factory.support.ConstructorResolver.createArgumentArray(ConstructorResolver.java:741)
	at org.springframework.beans.factory.support.ConstructorResolver.instantiateUsingFactoryMethod(ConstructorResolver.java:467)
	at org.springframework.beans.factory.support.AbstractAutowireCapableBeanFactory.instantiateUsingFactoryMethod(AbstractAutowireCapableBeanFactory.java:1173)
	at org.springframework.beans.factory.support.AbstractAutowireCapableBeanFactory.createBeanInstance(AbstractAutowireCapableBeanFactory.java:1067)
	at org.springframework.beans.factory.support.AbstractAutowireCapableBeanFactory.doCreateBean(AbstractAutowireCapableBeanFactory.java:513)
	at org.springframework.beans.factory.support.AbstractAutowireCapableBeanFactory.createBean(AbstractAutowireCapableBeanFactory.java:483)
	at org.springframework.beans.factory.support.AbstractBeanFactory$1.getObject(AbstractBeanFactory.java:306)
	at org.springframework.beans.factory.support.DefaultSingletonBeanRegistry.getSingleton(DefaultSingletonBeanRegistry.java:230)
	at org.springframework.beans.factory.support.AbstractBeanFactory.doGetBean(AbstractBeanFactory.java:302)
	at org.springframework.beans.factory.support.AbstractBeanFactory.getBean(AbstractBeanFactory.java:202)
	at org.springframework.beans.factory.config.DependencyDescriptor.resolveCandidate(DependencyDescriptor.java:208)
	at org.springframework.beans.factory.support.DefaultListableBeanFactory.doResolveDependency(DefaultListableBeanFactory.java:1138)
	at org.springframework.beans.factory.support.DefaultListableBeanFactory.resolveDependency(DefaultListableBeanFactory.java:1066)
	at org.springframework.beans.factory.annotation.AutowiredAnnotationBeanPostProcessor$AutowiredFieldElement.inject(AutowiredAnnotationBeanPostProcessor.java:585)
	at org.springframework.beans.factory.annotation.InjectionMetadata.inject(InjectionMetadata.java:88)
	at org.springframework.beans.factory.annotation.AutowiredAnnotationBeanPostProcessor.postProcessPropertyValues(AutowiredAnnotationBeanPostProcessor.java:366)
	at org.springframework.beans.factory.support.AbstractAutowireCapableBeanFactory.populateBean(AbstractAutowireCapableBeanFactory.java:1264)
	at org.springframework.beans.factory.support.AbstractAutowireCapableBeanFactory.doCreateBean(AbstractAutowireCapableBeanFactory.java:553)
	at org.springframework.beans.factory.support.AbstractAutowireCapableBeanFactory.createBean(AbstractAutowireCapableBeanFactory.java:483)
	at org.springframework.beans.factory.support.AbstractBeanFactory$1.getObject(AbstractBeanFactory.java:306)
	at org.springframework.beans.factory.support.DefaultSingletonBeanRegistry.getSingleton(DefaultSingletonBeanRegistry.java:230)
	at org.springframework.beans.factory.support.AbstractBeanFactory.doGetBean(AbstractBeanFactory.java:302)
	at org.springframework.beans.factory.support.AbstractBeanFactory.getBean(AbstractBeanFactory.java:197)
	at org.springframework.beans.factory.support.DefaultListableBeanFactory.preInstantiateSingletons(DefaultListableBeanFactory.java:761)
	at org.springframework.context.support.AbstractApplicationContext.finishBeanFactoryInitialization(AbstractApplicationContext.java:867)
	at org.springframework.context.support.AbstractApplicationContext.refresh(AbstractApplicationContext.java:543)
	at org.springframework.boot.context.embedded.EmbeddedWebApplicationContext.refresh(EmbeddedWebApplicationContext.java:122)
	at org.springframework.boot.SpringApplication.refresh(SpringApplication.java:693)
	at org.springframework.boot.SpringApplication.refreshContext(SpringApplication.java:360)
	at org.springframework.boot.SpringApplication.run(SpringApplication.java:303)
	at org.springframework.boot.SpringApplication.run(SpringApplication.java:1118)
	at org.springframework.boot.SpringApplication.run(SpringApplication.java:1107)
	at com.lmtech.cloud.eureka.Application.main(Application.java:15)
	at sun.reflect.NativeMethodAccessorImpl.invoke0(Native Method)
	at sun.reflect.NativeMethodAccessorImpl.invoke(NativeMethodAccessorImpl.java:62)
	at sun.reflect.DelegatingMethodAccessorImpl.invoke(DelegatingMethodAccessorImpl.java:43)
	at java.lang.reflect.Method.invoke(Method.java:498)
	at org.codehaus.mojo.exec.ExecJavaMojo$1.run(ExecJavaMojo.java:282)
	at java.lang.Thread.run(Thread.java:748)
[2017-12-07 19:49:30:080] [INFO] [com.lmtech.cloud.eureka.Application.main()] com.netflix.eureka.cluster.PeerEurekaNodes - Adding new peer nodes [http://${eureka.instance.hostname}:${server.port}/eureka/]
[2017-12-07 19:49:30:815] [INFO] [com.lmtech.cloud.eureka.Application.main()] com.netflix.discovery.provider.DiscoveryJerseyProvider - Using JSON encoding codec LegacyJacksonJson
[2017-12-07 19:49:30:816] [INFO] [com.lmtech.cloud.eureka.Application.main()] com.netflix.discovery.provider.DiscoveryJerseyProvider - Using JSON decoding codec LegacyJacksonJson
[2017-12-07 19:49:30:816] [INFO] [com.lmtech.cloud.eureka.Application.main()] com.netflix.discovery.provider.DiscoveryJerseyProvider - Using XML encoding codec XStreamXml
[2017-12-07 19:49:30:816] [INFO] [com.lmtech.cloud.eureka.Application.main()] com.netflix.discovery.provider.DiscoveryJerseyProvider - Using XML decoding codec XStreamXml
[2017-12-07 19:49:30:932] [WARN] [com.lmtech.cloud.eureka.Application.main()] com.netflix.eureka.cluster.PeerEurekaNodes - Cannot parse service URI http://${eureka.instance.hostname}:${server.port}/eureka/
java.net.URISyntaxException: Illegal character in authority at index 7: http://${eureka.instance.hostname}:${server.port}/eureka/
	at java.net.URI$Parser.fail(URI.java:2848)
	at java.net.URI$Parser.parseAuthority(URI.java:3186)
	at java.net.URI$Parser.parseHierarchical(URI.java:3097)
	at java.net.URI$Parser.parse(URI.java:3053)
	at java.net.URI.<init>(URI.java:588)
	at com.netflix.eureka.cluster.PeerEurekaNodes.hostFromUrl(PeerEurekaNodes.java:258)
	at com.netflix.eureka.cluster.PeerEurekaNodes.createPeerEurekaNode(PeerEurekaNodes.java:200)
	at com.netflix.eureka.cluster.PeerEurekaNodes.updatePeerEurekaNodes(PeerEurekaNodes.java:190)
	at com.netflix.eureka.cluster.PeerEurekaNodes.start(PeerEurekaNodes.java:88)
	at com.netflix.eureka.DefaultEurekaServerContext.initialize(DefaultEurekaServerContext.java:64)
	at sun.reflect.NativeMethodAccessorImpl.invoke0(Native Method)
	at sun.reflect.NativeMethodAccessorImpl.invoke(NativeMethodAccessorImpl.java:62)
	at sun.reflect.DelegatingMethodAccessorImpl.invoke(DelegatingMethodAccessorImpl.java:43)
	at java.lang.reflect.Method.invoke(Method.java:498)
	at org.springframework.beans.factory.annotation.InitDestroyAnnotationBeanPostProcessor$LifecycleElement.invoke(InitDestroyAnnotationBeanPostProcessor.java:366)
	at org.springframework.beans.factory.annotation.InitDestroyAnnotationBeanPostProcessor$LifecycleMetadata.invokeInitMethods(InitDestroyAnnotationBeanPostProcessor.java:311)
	at org.springframework.beans.factory.annotation.InitDestroyAnnotationBeanPostProcessor.postProcessBeforeInitialization(InitDestroyAnnotationBeanPostProcessor.java:134)
	at org.springframework.beans.factory.support.AbstractAutowireCapableBeanFactory.applyBeanPostProcessorsBeforeInitialization(AbstractAutowireCapableBeanFactory.java:409)
	at org.springframework.beans.factory.support.AbstractAutowireCapableBeanFactory.initializeBean(AbstractAutowireCapableBeanFactory.java:1620)
	at org.springframework.beans.factory.support.AbstractAutowireCapableBeanFactory.doCreateBean(AbstractAutowireCapableBeanFactory.java:555)
	at org.springframework.beans.factory.support.AbstractAutowireCapableBeanFactory.createBean(AbstractAutowireCapableBeanFactory.java:483)
	at org.springframework.beans.factory.support.AbstractBeanFactory$1.getObject(AbstractBeanFactory.java:306)
	at org.springframework.beans.factory.support.DefaultSingletonBeanRegistry.getSingleton(DefaultSingletonBeanRegistry.java:230)
	at org.springframework.beans.factory.support.AbstractBeanFactory.doGetBean(AbstractBeanFactory.java:302)
	at org.springframework.beans.factory.support.AbstractBeanFactory.getBean(AbstractBeanFactory.java:202)
	at org.springframework.beans.factory.config.DependencyDescriptor.resolveCandidate(DependencyDescriptor.java:208)
	at org.springframework.beans.factory.support.DefaultListableBeanFactory.doResolveDependency(DefaultListableBeanFactory.java:1138)
	at org.springframework.beans.factory.support.DefaultListableBeanFactory.resolveDependency(DefaultListableBeanFactory.java:1066)
	at org.springframework.beans.factory.support.ConstructorResolver.resolveAutowiredArgument(ConstructorResolver.java:835)
	at org.springframework.beans.factory.support.ConstructorResolver.createArgumentArray(ConstructorResolver.java:741)
	at org.springframework.beans.factory.support.ConstructorResolver.instantiateUsingFactoryMethod(ConstructorResolver.java:467)
	at org.springframework.beans.factory.support.AbstractAutowireCapableBeanFactory.instantiateUsingFactoryMethod(AbstractAutowireCapableBeanFactory.java:1173)
	at org.springframework.beans.factory.support.AbstractAutowireCapableBeanFactory.createBeanInstance(AbstractAutowireCapableBeanFactory.java:1067)
	at org.springframework.beans.factory.support.AbstractAutowireCapableBeanFactory.doCreateBean(AbstractAutowireCapableBeanFactory.java:513)
	at org.springframework.beans.factory.support.AbstractAutowireCapableBeanFactory.createBean(AbstractAutowireCapableBeanFactory.java:483)
	at org.springframework.beans.factory.support.AbstractBeanFactory$1.getObject(AbstractBeanFactory.java:306)
	at org.springframework.beans.factory.support.DefaultSingletonBeanRegistry.getSingleton(DefaultSingletonBeanRegistry.java:230)
	at org.springframework.beans.factory.support.AbstractBeanFactory.doGetBean(AbstractBeanFactory.java:302)
	at org.springframework.beans.factory.support.AbstractBeanFactory.getBean(AbstractBeanFactory.java:202)
	at org.springframework.beans.factory.config.DependencyDescriptor.resolveCandidate(DependencyDescriptor.java:208)
	at org.springframework.beans.factory.support.DefaultListableBeanFactory.doResolveDependency(DefaultListableBeanFactory.java:1138)
	at org.springframework.beans.factory.support.DefaultListableBeanFactory.resolveDependency(DefaultListableBeanFactory.java:1066)
	at org.springframework.beans.factory.annotation.AutowiredAnnotationBeanPostProcessor$AutowiredFieldElement.inject(AutowiredAnnotationBeanPostProcessor.java:585)
	at org.springframework.beans.factory.annotation.InjectionMetadata.inject(InjectionMetadata.java:88)
	at org.springframework.beans.factory.annotation.AutowiredAnnotationBeanPostProcessor.postProcessPropertyValues(AutowiredAnnotationBeanPostProcessor.java:366)
	at org.springframework.beans.factory.support.AbstractAutowireCapableBeanFactory.populateBean(AbstractAutowireCapableBeanFactory.java:1264)
	at org.springframework.beans.factory.support.AbstractAutowireCapableBeanFactory.doCreateBean(AbstractAutowireCapableBeanFactory.java:553)
	at org.springframework.beans.factory.support.AbstractAutowireCapableBeanFactory.createBean(AbstractAutowireCapableBeanFactory.java:483)
	at org.springframework.beans.factory.support.AbstractBeanFactory$1.getObject(AbstractBeanFactory.java:306)
	at org.springframework.beans.factory.support.DefaultSingletonBeanRegistry.getSingleton(DefaultSingletonBeanRegistry.java:230)
	at org.springframework.beans.factory.support.AbstractBeanFactory.doGetBean(AbstractBeanFactory.java:302)
	at org.springframework.beans.factory.support.AbstractBeanFactory.getBean(AbstractBeanFactory.java:197)
	at org.springframework.beans.factory.support.DefaultListableBeanFactory.preInstantiateSingletons(DefaultListableBeanFactory.java:761)
	at org.springframework.context.support.AbstractApplicationContext.finishBeanFactoryInitialization(AbstractApplicationContext.java:867)
	at org.springframework.context.support.AbstractApplicationContext.refresh(AbstractApplicationContext.java:543)
	at org.springframework.boot.context.embedded.EmbeddedWebApplicationContext.refresh(EmbeddedWebApplicationContext.java:122)
	at org.springframework.boot.SpringApplication.refresh(SpringApplication.java:693)
	at org.springframework.boot.SpringApplication.refreshContext(SpringApplication.java:360)
	at org.springframework.boot.SpringApplication.run(SpringApplication.java:303)
	at org.springframework.boot.SpringApplication.run(SpringApplication.java:1118)
	at org.springframework.boot.SpringApplication.run(SpringApplication.java:1107)
	at com.lmtech.cloud.eureka.Application.main(Application.java:15)
	at sun.reflect.NativeMethodAccessorImpl.invoke0(Native Method)
	at sun.reflect.NativeMethodAccessorImpl.invoke(NativeMethodAccessorImpl.java:62)
	at sun.reflect.DelegatingMethodAccessorImpl.invoke(DelegatingMethodAccessorImpl.java:43)
	at java.lang.reflect.Method.invoke(Method.java:498)
	at org.codehaus.mojo.exec.ExecJavaMojo$1.run(ExecJavaMojo.java:282)
	at java.lang.Thread.run(Thread.java:748)
[2017-12-07 19:49:30:984] [INFO] [com.lmtech.cloud.eureka.Application.main()] com.netflix.eureka.cluster.PeerEurekaNodes - Replica node URL:  http://${eureka.instance.hostname}:${server.port}/eureka/
[2017-12-07 19:49:30:997] [INFO] [com.lmtech.cloud.eureka.Application.main()] com.netflix.eureka.registry.AbstractInstanceRegistry - Finished initializing remote region registries. All known remote regions: []
[2017-12-07 19:49:30:997] [INFO] [com.lmtech.cloud.eureka.Application.main()] com.netflix.eureka.DefaultEurekaServerContext - Initialized
[2017-12-07 19:49:31:142] [INFO] [com.lmtech.cloud.eureka.Application.main()] org.springframework.jmx.export.annotation.AnnotationMBeanExporter - Registering beans for JMX exposure on startup
[2017-12-07 19:49:31:275] [INFO] [com.lmtech.cloud.eureka.Application.main()] org.springframework.jmx.export.annotation.AnnotationMBeanExporter - Bean with name 'environmentManager' has been autodetected for JMX exposure
[2017-12-07 19:49:31:276] [INFO] [com.lmtech.cloud.eureka.Application.main()] org.springframework.jmx.export.annotation.AnnotationMBeanExporter - Bean with name 'configurationPropertiesRebinder' has been autodetected for JMX exposure
[2017-12-07 19:49:31:277] [INFO] [com.lmtech.cloud.eureka.Application.main()] org.springframework.jmx.export.annotation.AnnotationMBeanExporter - Bean with name 'refreshEndpoint' has been autodetected for JMX exposure
[2017-12-07 19:49:31:278] [INFO] [com.lmtech.cloud.eureka.Application.main()] org.springframework.jmx.export.annotation.AnnotationMBeanExporter - Bean with name 'restartEndpoint' has been autodetected for JMX exposure
[2017-12-07 19:49:31:279] [INFO] [com.lmtech.cloud.eureka.Application.main()] org.springframework.jmx.export.annotation.AnnotationMBeanExporter - Bean with name 'serviceRegistryEndpoint' has been autodetected for JMX exposure
[2017-12-07 19:49:31:280] [INFO] [com.lmtech.cloud.eureka.Application.main()] org.springframework.jmx.export.annotation.AnnotationMBeanExporter - Bean with name 'refreshScope' has been autodetected for JMX exposure
[2017-12-07 19:49:31:284] [INFO] [com.lmtech.cloud.eureka.Application.main()] org.springframework.jmx.export.annotation.AnnotationMBeanExporter - Located managed bean 'environmentManager': registering with JMX server as MBean [org.springframework.cloud.context.environment:name=environmentManager,type=EnvironmentManager]
[2017-12-07 19:49:31:301] [INFO] [com.lmtech.cloud.eureka.Application.main()] org.springframework.jmx.export.annotation.AnnotationMBeanExporter - Located managed bean 'restartEndpoint': registering with JMX server as MBean [org.springframework.cloud.context.restart:name=restartEndpoint,type=RestartEndpoint]
[2017-12-07 19:49:31:314] [INFO] [com.lmtech.cloud.eureka.Application.main()] org.springframework.jmx.export.annotation.AnnotationMBeanExporter - Located managed bean 'serviceRegistryEndpoint': registering with JMX server as MBean [org.springframework.cloud.client.serviceregistry.endpoint:name=serviceRegistryEndpoint,type=ServiceRegistryEndpoint]
[2017-12-07 19:49:31:321] [INFO] [com.lmtech.cloud.eureka.Application.main()] org.springframework.jmx.export.annotation.AnnotationMBeanExporter - Located managed bean 'refreshScope': registering with JMX server as MBean [org.springframework.cloud.context.scope.refresh:name=refreshScope,type=RefreshScope]
[2017-12-07 19:49:31:333] [INFO] [com.lmtech.cloud.eureka.Application.main()] org.springframework.jmx.export.annotation.AnnotationMBeanExporter - Located managed bean 'configurationPropertiesRebinder': registering with JMX server as MBean [org.springframework.cloud.context.properties:name=configurationPropertiesRebinder,context=1df7d1f0,type=ConfigurationPropertiesRebinder]
[2017-12-07 19:49:31:424] [INFO] [com.lmtech.cloud.eureka.Application.main()] org.springframework.jmx.export.annotation.AnnotationMBeanExporter - Located managed bean 'refreshEndpoint': registering with JMX server as MBean [org.springframework.cloud.endpoint:name=refreshEndpoint,type=RefreshEndpoint]
[2017-12-07 19:49:31:432] [INFO] [com.lmtech.cloud.eureka.Application.main()] org.springframework.boot.actuate.endpoint.jmx.EndpointMBeanExporter - Registering beans for JMX exposure on startup
[2017-12-07 19:49:31:712] [INFO] [com.lmtech.cloud.eureka.Application.main()] org.springframework.context.support.DefaultLifecycleProcessor - Starting beans in phase 0
[2017-12-07 19:49:31:728] [INFO] [com.lmtech.cloud.eureka.Application.main()] org.springframework.cloud.netflix.eureka.serviceregistry.EurekaServiceRegistry - Registering application lmtech-eureka with eureka with status UP
[2017-12-07 19:49:31:731] [INFO] [com.lmtech.cloud.eureka.Application.main()] org.springframework.boot.actuate.endpoint.jmx.EndpointMBeanExporter - Located managed bean 'auditEventsEndpoint': registering with JMX server as MBean [org.springframework.boot:type=Endpoint,name=auditEventsEndpoint]
[2017-12-07 19:49:31:737] [INFO] [com.lmtech.cloud.eureka.Application.main()] org.springframework.boot.actuate.endpoint.jmx.EndpointMBeanExporter - Located managed bean 'archaiusEndpoint': registering with JMX server as MBean [org.springframework.boot:type=Endpoint,name=archaiusEndpoint]
[2017-12-07 19:49:31:744] [INFO] [com.lmtech.cloud.eureka.Application.main()] org.springframework.boot.actuate.endpoint.jmx.EndpointMBeanExporter - Located managed bean 'featuresEndpoint': registering with JMX server as MBean [org.springframework.boot:type=Endpoint,name=featuresEndpoint]
[2017-12-07 19:49:31:746] [INFO] [com.lmtech.cloud.eureka.Application.main()] org.springframework.boot.actuate.endpoint.jmx.EndpointMBeanExporter - Located managed bean 'requestMappingEndpoint': registering with JMX server as MBean [org.springframework.boot:type=Endpoint,name=requestMappingEndpoint]
[2017-12-07 19:49:31:748] [INFO] [com.lmtech.cloud.eureka.Application.main()] org.springframework.boot.actuate.endpoint.jmx.EndpointMBeanExporter - Located managed bean 'environmentEndpoint': registering with JMX server as MBean [org.springframework.boot:type=Endpoint,name=environmentEndpoint]
[2017-12-07 19:49:31:751] [INFO] [com.lmtech.cloud.eureka.Application.main()] org.springframework.boot.actuate.endpoint.jmx.EndpointMBeanExporter - Located managed bean 'healthEndpoint': registering with JMX server as MBean [org.springframework.boot:type=Endpoint,name=healthEndpoint]
[2017-12-07 19:49:31:753] [INFO] [com.lmtech.cloud.eureka.Application.main()] org.springframework.boot.actuate.endpoint.jmx.EndpointMBeanExporter - Located managed bean 'beansEndpoint': registering with JMX server as MBean [org.springframework.boot:type=Endpoint,name=beansEndpoint]
[2017-12-07 19:49:31:755] [INFO] [com.lmtech.cloud.eureka.Application.main()] org.springframework.boot.actuate.endpoint.jmx.EndpointMBeanExporter - Located managed bean 'infoEndpoint': registering with JMX server as MBean [org.springframework.boot:type=Endpoint,name=infoEndpoint]
[2017-12-07 19:49:31:757] [INFO] [com.lmtech.cloud.eureka.Application.main()] org.springframework.boot.actuate.endpoint.jmx.EndpointMBeanExporter - Located managed bean 'loggersEndpoint': registering with JMX server as MBean [org.springframework.boot:type=Endpoint,name=loggersEndpoint]
[2017-12-07 19:49:31:764] [INFO] [com.lmtech.cloud.eureka.Application.main()] org.springframework.boot.actuate.endpoint.jmx.EndpointMBeanExporter - Located managed bean 'metricsEndpoint': registering with JMX server as MBean [org.springframework.boot:type=Endpoint,name=metricsEndpoint]
[2017-12-07 19:49:31:766] [INFO] [com.lmtech.cloud.eureka.Application.main()] org.springframework.boot.actuate.endpoint.jmx.EndpointMBeanExporter - Located managed bean 'traceEndpoint': registering with JMX server as MBean [org.springframework.boot:type=Endpoint,name=traceEndpoint]
[2017-12-07 19:49:31:768] [INFO] [com.lmtech.cloud.eureka.Application.main()] org.springframework.boot.actuate.endpoint.jmx.EndpointMBeanExporter - Located managed bean 'dumpEndpoint': registering with JMX server as MBean [org.springframework.boot:type=Endpoint,name=dumpEndpoint]
[2017-12-07 19:49:31:771] [INFO] [com.lmtech.cloud.eureka.Application.main()] org.springframework.boot.actuate.endpoint.jmx.EndpointMBeanExporter - Located managed bean 'autoConfigurationReportEndpoint': registering with JMX server as MBean [org.springframework.boot:type=Endpoint,name=autoConfigurationReportEndpoint]
[2017-12-07 19:49:31:773] [INFO] [com.lmtech.cloud.eureka.Application.main()] org.springframework.boot.actuate.endpoint.jmx.EndpointMBeanExporter - Located managed bean 'configurationPropertiesReportEndpoint': registering with JMX server as MBean [org.springframework.boot:type=Endpoint,name=configurationPropertiesReportEndpoint]
[2017-12-07 19:49:31:776] [INFO] [Thread-11] org.springframework.cloud.netflix.eureka.server.EurekaServerBootstrap - Setting the eureka configuration..
[2017-12-07 19:49:31:777] [INFO] [Thread-11] org.springframework.cloud.netflix.eureka.server.EurekaServerBootstrap - Eureka data center value eureka.datacenter is not set, defaulting to default
[2017-12-07 19:49:31:777] [INFO] [Thread-11] org.springframework.cloud.netflix.eureka.server.EurekaServerBootstrap - Eureka environment value eureka.environment is not set, defaulting to test
[2017-12-07 19:49:31:795] [INFO] [Thread-11] org.springframework.cloud.netflix.eureka.server.EurekaServerBootstrap - isAws returned false
[2017-12-07 19:49:31:796] [INFO] [Thread-11] org.springframework.cloud.netflix.eureka.server.EurekaServerBootstrap - Initialized server context
[2017-12-07 19:49:31:797] [INFO] [Thread-11] com.netflix.eureka.registry.PeerAwareInstanceRegistryImpl - Got 1 instances from neighboring DS node
[2017-12-07 19:49:31:797] [INFO] [Thread-11] com.netflix.eureka.registry.PeerAwareInstanceRegistryImpl - Renew threshold is: 1
[2017-12-07 19:49:31:797] [INFO] [Thread-11] com.netflix.eureka.registry.PeerAwareInstanceRegistryImpl - Changing status to UP
[2017-12-07 19:49:31:803] [INFO] [com.lmtech.cloud.eureka.Application.main()] org.apache.coyote.http11.Http11NioProtocol - Initializing ProtocolHandler ["http-nio-9999"]
[2017-12-07 19:49:31:807] [INFO] [Thread-11] org.springframework.cloud.netflix.eureka.server.EurekaServerInitializerConfiguration - Started Eureka Server
[2017-12-07 19:49:31:819] [INFO] [com.lmtech.cloud.eureka.Application.main()] org.apache.coyote.http11.Http11NioProtocol - Starting ProtocolHandler ["http-nio-9999"]
[2017-12-07 19:49:31:837] [INFO] [com.lmtech.cloud.eureka.Application.main()] org.apache.tomcat.util.net.NioSelectorPool - Using a shared selector for servlet write/read
[2017-12-07 19:49:31:860] [INFO] [com.lmtech.cloud.eureka.Application.main()] org.springframework.boot.context.embedded.tomcat.TomcatEmbeddedServletContainer - Tomcat started on port(s): 9999 (http)
[2017-12-07 19:49:31:861] [INFO] [com.lmtech.cloud.eureka.Application.main()] org.springframework.cloud.netflix.eureka.serviceregistry.EurekaAutoServiceRegistration - Updating port to 9999
[2017-12-07 19:49:31:866] [INFO] [com.lmtech.cloud.eureka.Application.main()] com.lmtech.cloud.eureka.Application - Started Application in 12.766 seconds (JVM running for 19.042)
[2017-12-07 19:50:31:798] [INFO] [Eureka-EvictionTimer] com.netflix.eureka.registry.AbstractInstanceRegistry - Running the evict task with compensationTime 0ms
[2017-12-07 19:50:53:130] [INFO] [com.lmtech.cloud.eureka.Application.main()] org.springframework.context.annotation.AnnotationConfigApplicationContext - Refreshing org.springframework.context.annotation.AnnotationConfigApplicationContext@3005de90: startup date [Thu Dec 07 19:50:53 CST 2017]; root of context hierarchy
[2017-12-07 19:50:53:443] [INFO] [com.lmtech.cloud.eureka.Application.main()] org.springframework.beans.factory.annotation.AutowiredAnnotationBeanPostProcessor - JSR-330 'javax.inject.Inject' annotation found and supported for autowiring
[2017-12-07 19:50:53:490] [INFO] [com.lmtech.cloud.eureka.Application.main()] org.springframework.context.support.PostProcessorRegistrationDelegate$BeanPostProcessorChecker - Bean 'configurationPropertiesRebinderAutoConfiguration' of type [org.springframework.cloud.autoconfigure.ConfigurationPropertiesRebinderAutoConfiguration$$EnhancerBySpringCGLIB$$863e3349] is not eligible for getting processed by all BeanPostProcessors (for example: not eligible for auto-proxying)
[2017-12-07 19:50:53:588] [INFO] [com.lmtech.cloud.eureka.Application.main()] org.hibernate.validator.internal.util.Version - HV000001: Hibernate Validator 5.3.5.Final
[2017-12-07 19:50:54:272] [INFO] [com.lmtech.cloud.eureka.Application.main()] com.lmtech.cloud.eureka.Application - No active profile set, falling back to default profiles: default
[2017-12-07 19:50:54:297] [INFO] [com.lmtech.cloud.eureka.Application.main()] org.springframework.boot.context.embedded.AnnotationConfigEmbeddedWebApplicationContext - Refreshing org.springframework.boot.context.embedded.AnnotationConfigEmbeddedWebApplicationContext@164ea646: startup date [Thu Dec 07 19:50:54 CST 2017]; parent: org.springframework.context.annotation.AnnotationConfigApplicationContext@3005de90
[2017-12-07 19:50:55:525] [INFO] [com.lmtech.cloud.eureka.Application.main()] org.springframework.cloud.context.scope.GenericScope - BeanFactory id=67c5fd3e-fc7c-3f6a-83cf-11eb695f6579
[2017-12-07 19:50:55:545] [INFO] [com.lmtech.cloud.eureka.Application.main()] org.springframework.beans.factory.annotation.AutowiredAnnotationBeanPostProcessor - JSR-330 'javax.inject.Inject' annotation found and supported for autowiring
[2017-12-07 19:50:55:618] [INFO] [com.lmtech.cloud.eureka.Application.main()] org.springframework.context.support.PostProcessorRegistrationDelegate$BeanPostProcessorChecker - Bean 'org.springframework.cloud.netflix.metrics.MetricsInterceptorConfiguration$MetricsRestTemplateConfiguration' of type [org.springframework.cloud.netflix.metrics.MetricsInterceptorConfiguration$MetricsRestTemplateConfiguration$$EnhancerBySpringCGLIB$$9c50d68d] is not eligible for getting processed by all BeanPostProcessors (for example: not eligible for auto-proxying)
[2017-12-07 19:50:55:632] [INFO] [com.lmtech.cloud.eureka.Application.main()] org.springframework.context.support.PostProcessorRegistrationDelegate$BeanPostProcessorChecker - Bean 'org.springframework.cloud.autoconfigure.ConfigurationPropertiesRebinderAutoConfiguration' of type [org.springframework.cloud.autoconfigure.ConfigurationPropertiesRebinderAutoConfiguration$$EnhancerBySpringCGLIB$$863e3349] is not eligible for getting processed by all BeanPostProcessors (for example: not eligible for auto-proxying)
[2017-12-07 19:50:56:006] [INFO] [com.lmtech.cloud.eureka.Application.main()] org.springframework.boot.context.embedded.tomcat.TomcatEmbeddedServletContainer - Tomcat initialized with port(s): 9999 (http)
[2017-12-07 19:50:56:020] [INFO] [com.lmtech.cloud.eureka.Application.main()] org.apache.catalina.core.StandardService - Starting service [Tomcat]
[2017-12-07 19:50:56:021] [INFO] [com.lmtech.cloud.eureka.Application.main()] org.apache.catalina.core.StandardEngine - Starting Servlet Engine: Apache Tomcat/8.5.15
[2017-12-07 19:50:56:139] [INFO] [localhost-startStop-1] org.apache.catalina.core.ContainerBase.[Tomcat].[localhost].[/] - Initializing Spring embedded WebApplicationContext
[2017-12-07 19:50:56:139] [INFO] [localhost-startStop-1] org.springframework.web.context.ContextLoader - Root WebApplicationContext: initialization completed in 1842 ms
[2017-12-07 19:50:56:960] [INFO] [localhost-startStop-1] org.springframework.boot.web.servlet.FilterRegistrationBean - Mapping filter: 'metricsFilter' to: [/*]
[2017-12-07 19:50:56:961] [INFO] [localhost-startStop-1] org.springframework.boot.web.servlet.FilterRegistrationBean - Mapping filter: 'characterEncodingFilter' to: [/*]
[2017-12-07 19:50:56:961] [INFO] [localhost-startStop-1] org.springframework.boot.web.servlet.FilterRegistrationBean - Mapping filter: 'hiddenHttpMethodFilter' to: [/*]
[2017-12-07 19:50:56:961] [INFO] [localhost-startStop-1] org.springframework.boot.web.servlet.FilterRegistrationBean - Mapping filter: 'httpPutFormContentFilter' to: [/*]
[2017-12-07 19:50:56:961] [INFO] [localhost-startStop-1] org.springframework.boot.web.servlet.FilterRegistrationBean - Mapping filter: 'requestContextFilter' to: [/*]
[2017-12-07 19:50:56:961] [INFO] [localhost-startStop-1] org.springframework.boot.web.servlet.FilterRegistrationBean - Mapping filter: 'webRequestTraceFilter' to: [/*]
[2017-12-07 19:50:56:961] [INFO] [localhost-startStop-1] org.springframework.boot.web.servlet.FilterRegistrationBean - Mapping filter: 'servletContainer' to urls: [/eureka/*]
[2017-12-07 19:50:56:961] [INFO] [localhost-startStop-1] org.springframework.boot.web.servlet.FilterRegistrationBean - Mapping filter: 'applicationContextIdFilter' to: [/*]
[2017-12-07 19:50:56:961] [INFO] [localhost-startStop-1] org.springframework.boot.web.servlet.ServletRegistrationBean - Mapping servlet: 'dispatcherServlet' to [/]
[2017-12-07 19:50:57:092] [INFO] [localhost-startStop-1] com.sun.jersey.server.impl.application.WebApplicationImpl - Initiating Jersey application, version 'Jersey: 1.19.1 03/11/2016 02:08 PM'
[2017-12-07 19:50:57:213] [INFO] [localhost-startStop-1] com.netflix.discovery.provider.DiscoveryJerseyProvider - Using JSON encoding codec LegacyJacksonJson
[2017-12-07 19:50:57:214] [INFO] [localhost-startStop-1] com.netflix.discovery.provider.DiscoveryJerseyProvider - Using JSON decoding codec LegacyJacksonJson
[2017-12-07 19:50:57:434] [INFO] [localhost-startStop-1] com.netflix.discovery.provider.DiscoveryJerseyProvider - Using XML encoding codec XStreamXml
[2017-12-07 19:50:57:436] [INFO] [localhost-startStop-1] com.netflix.discovery.provider.DiscoveryJerseyProvider - Using XML decoding codec XStreamXml
[2017-12-07 19:50:58:138] [WARN] [com.lmtech.cloud.eureka.Application.main()] com.netflix.config.sources.URLConfigurationSource - No URLs will be polled as dynamic configuration sources.
[2017-12-07 19:50:58:138] [INFO] [com.lmtech.cloud.eureka.Application.main()] com.netflix.config.sources.URLConfigurationSource - To enable URLs as dynamic configuration sources, define System property archaius.configurationSource.additionalUrls or make config.properties available on classpath.
[2017-12-07 19:50:58:150] [WARN] [com.lmtech.cloud.eureka.Application.main()] com.netflix.config.sources.URLConfigurationSource - No URLs will be polled as dynamic configuration sources.
[2017-12-07 19:50:58:150] [INFO] [com.lmtech.cloud.eureka.Application.main()] com.netflix.config.sources.URLConfigurationSource - To enable URLs as dynamic configuration sources, define System property archaius.configurationSource.additionalUrls or make config.properties available on classpath.
[2017-12-07 19:50:58:512] [INFO] [com.lmtech.cloud.eureka.Application.main()] org.springframework.web.servlet.mvc.method.annotation.RequestMappingHandlerAdapter - Looking for @ControllerAdvice: org.springframework.boot.context.embedded.AnnotationConfigEmbeddedWebApplicationContext@164ea646: startup date [Thu Dec 07 19:50:54 CST 2017]; parent: org.springframework.context.annotation.AnnotationConfigApplicationContext@3005de90
[2017-12-07 19:50:58:694] [INFO] [com.lmtech.cloud.eureka.Application.main()] org.springframework.web.servlet.mvc.method.annotation.RequestMappingHandlerMapping - Mapped "{[/error]}" onto public org.springframework.http.ResponseEntity<java.util.Map<java.lang.String, java.lang.Object>> org.springframework.boot.autoconfigure.web.BasicErrorController.error(javax.servlet.http.HttpServletRequest)
[2017-12-07 19:50:58:696] [INFO] [com.lmtech.cloud.eureka.Application.main()] org.springframework.web.servlet.mvc.method.annotation.RequestMappingHandlerMapping - Mapped "{[/error],produces=[text/html]}" onto public org.springframework.web.servlet.ModelAndView org.springframework.boot.autoconfigure.web.BasicErrorController.errorHtml(javax.servlet.http.HttpServletRequest,javax.servlet.http.HttpServletResponse)
[2017-12-07 19:50:58:701] [INFO] [com.lmtech.cloud.eureka.Application.main()] org.springframework.web.servlet.mvc.method.annotation.RequestMappingHandlerMapping - Mapped "{[/],methods=[GET]}" onto public java.lang.String org.springframework.cloud.netflix.eureka.server.EurekaController.status(javax.servlet.http.HttpServletRequest,java.util.Map<java.lang.String, java.lang.Object>)
[2017-12-07 19:50:58:701] [INFO] [com.lmtech.cloud.eureka.Application.main()] org.springframework.web.servlet.mvc.method.annotation.RequestMappingHandlerMapping - Mapped "{[/lastn],methods=[GET]}" onto public java.lang.String org.springframework.cloud.netflix.eureka.server.EurekaController.lastn(javax.servlet.http.HttpServletRequest,java.util.Map<java.lang.String, java.lang.Object>)
[2017-12-07 19:50:58:752] [INFO] [com.lmtech.cloud.eureka.Application.main()] org.springframework.web.servlet.handler.SimpleUrlHandlerMapping - Mapped URL path [/webjars/**] onto handler of type [class org.springframework.web.servlet.resource.ResourceHttpRequestHandler]
[2017-12-07 19:50:58:752] [INFO] [com.lmtech.cloud.eureka.Application.main()] org.springframework.web.servlet.handler.SimpleUrlHandlerMapping - Mapped URL path [/**] onto handler of type [class org.springframework.web.servlet.resource.ResourceHttpRequestHandler]
[2017-12-07 19:50:58:835] [INFO] [com.lmtech.cloud.eureka.Application.main()] org.springframework.web.servlet.handler.SimpleUrlHandlerMapping - Mapped URL path [/**/favicon.ico] onto handler of type [class org.springframework.web.servlet.resource.ResourceHttpRequestHandler]
[2017-12-07 19:50:59:583] [INFO] [com.lmtech.cloud.eureka.Application.main()] org.springframework.boot.actuate.endpoint.mvc.EndpointHandlerMapping - Mapped "{[/auditevents || /auditevents.json],methods=[GET],produces=[application/vnd.spring-boot.actuator.v1+json || application/json]}" onto public org.springframework.http.ResponseEntity<?> org.springframework.boot.actuate.endpoint.mvc.AuditEventsMvcEndpoint.findByPrincipalAndAfterAndType(java.lang.String,java.util.Date,java.lang.String)
[2017-12-07 19:50:59:584] [INFO] [com.lmtech.cloud.eureka.Application.main()] org.springframework.boot.actuate.endpoint.mvc.EndpointHandlerMapping - Mapped "{[/health || /health.json],methods=[GET],produces=[application/vnd.spring-boot.actuator.v1+json || application/json]}" onto public java.lang.Object org.springframework.boot.actuate.endpoint.mvc.HealthMvcEndpoint.invoke(javax.servlet.http.HttpServletRequest,java.security.Principal)
[2017-12-07 19:50:59:585] [INFO] [com.lmtech.cloud.eureka.Application.main()] org.springframework.boot.actuate.endpoint.mvc.EndpointHandlerMapping - Mapped "{[/beans || /beans.json],methods=[GET],produces=[application/vnd.spring-boot.actuator.v1+json || application/json]}" onto public java.lang.Object org.springframework.boot.actuate.endpoint.mvc.EndpointMvcAdapter.invoke()
[2017-12-07 19:50:59:586] [INFO] [com.lmtech.cloud.eureka.Application.main()] org.springframework.boot.actuate.endpoint.mvc.EndpointHandlerMapping - Mapped "{[/resume || /resume.json],methods=[POST]}" onto public java.lang.Object org.springframework.cloud.endpoint.GenericPostableMvcEndpoint.invoke()
[2017-12-07 19:50:59:587] [INFO] [com.lmtech.cloud.eureka.Application.main()] org.springframework.boot.actuate.endpoint.mvc.EndpointHandlerMapping - Mapped "{[/service-registry/instance-status],methods=[GET]}" onto public org.springframework.http.ResponseEntity org.springframework.cloud.client.serviceregistry.endpoint.ServiceRegistryEndpoint.getStatus()
[2017-12-07 19:50:59:587] [INFO] [com.lmtech.cloud.eureka.Application.main()] org.springframework.boot.actuate.endpoint.mvc.EndpointHandlerMapping - Mapped "{[/service-registry/instance-status],methods=[POST]}" onto public org.springframework.http.ResponseEntity<?> org.springframework.cloud.client.serviceregistry.endpoint.ServiceRegistryEndpoint.setStatus(java.lang.String)
[2017-12-07 19:50:59:588] [INFO] [com.lmtech.cloud.eureka.Application.main()] org.springframework.boot.actuate.endpoint.mvc.EndpointHandlerMapping - Mapped "{[/dump || /dump.json],methods=[GET],produces=[application/vnd.spring-boot.actuator.v1+json || application/json]}" onto public java.lang.Object org.springframework.boot.actuate.endpoint.mvc.EndpointMvcAdapter.invoke()
[2017-12-07 19:50:59:588] [INFO] [com.lmtech.cloud.eureka.Application.main()] org.springframework.boot.actuate.endpoint.mvc.EndpointHandlerMapping - Mapped "{[/features || /features.json],methods=[GET],produces=[application/vnd.spring-boot.actuator.v1+json || application/json]}" onto public java.lang.Object org.springframework.boot.actuate.endpoint.mvc.EndpointMvcAdapter.invoke()
[2017-12-07 19:50:59:589] [INFO] [com.lmtech.cloud.eureka.Application.main()] org.springframework.boot.actuate.endpoint.mvc.EndpointHandlerMapping - Mapped "{[/configprops || /configprops.json],methods=[GET],produces=[application/vnd.spring-boot.actuator.v1+json || application/json]}" onto public java.lang.Object org.springframework.boot.actuate.endpoint.mvc.EndpointMvcAdapter.invoke()
[2017-12-07 19:50:59:589] [INFO] [com.lmtech.cloud.eureka.Application.main()] org.springframework.boot.actuate.endpoint.mvc.EndpointHandlerMapping - Mapped "{[/refresh || /refresh.json],methods=[POST]}" onto public java.lang.Object org.springframework.cloud.endpoint.GenericPostableMvcEndpoint.invoke()
[2017-12-07 19:50:59:591] [INFO] [com.lmtech.cloud.eureka.Application.main()] org.springframework.boot.actuate.endpoint.mvc.EndpointHandlerMapping - Mapped "{[/trace || /trace.json],methods=[GET],produces=[application/vnd.spring-boot.actuator.v1+json || application/json]}" onto public java.lang.Object org.springframework.boot.actuate.endpoint.mvc.EndpointMvcAdapter.invoke()
[2017-12-07 19:50:59:595] [INFO] [com.lmtech.cloud.eureka.Application.main()] org.springframework.boot.actuate.endpoint.mvc.EndpointHandlerMapping - Mapped "{[/env/{name:.*}],methods=[GET],produces=[application/vnd.spring-boot.actuator.v1+json || application/json]}" onto public java.lang.Object org.springframework.boot.actuate.endpoint.mvc.EnvironmentMvcEndpoint.value(java.lang.String)
[2017-12-07 19:50:59:596] [INFO] [com.lmtech.cloud.eureka.Application.main()] org.springframework.boot.actuate.endpoint.mvc.EndpointHandlerMapping - Mapped "{[/env || /env.json],methods=[GET],produces=[application/vnd.spring-boot.actuator.v1+json || application/json]}" onto public java.lang.Object org.springframework.boot.actuate.endpoint.mvc.EndpointMvcAdapter.invoke()
[2017-12-07 19:50:59:598] [INFO] [com.lmtech.cloud.eureka.Application.main()] org.springframework.boot.actuate.endpoint.mvc.EndpointHandlerMapping - Mapped "{[/heapdump || /heapdump.json],methods=[GET],produces=[application/octet-stream]}" onto public void org.springframework.boot.actuate.endpoint.mvc.HeapdumpMvcEndpoint.invoke(boolean,javax.servlet.http.HttpServletRequest,javax.servlet.http.HttpServletResponse) throws java.io.IOException,javax.servlet.ServletException
[2017-12-07 19:50:59:600] [INFO] [com.lmtech.cloud.eureka.Application.main()] org.springframework.boot.actuate.endpoint.mvc.EndpointHandlerMapping - Mapped "{[/loggers/{name:.*}],methods=[GET],produces=[application/vnd.spring-boot.actuator.v1+json || application/json]}" onto public java.lang.Object org.springframework.boot.actuate.endpoint.mvc.LoggersMvcEndpoint.get(java.lang.String)
[2017-12-07 19:50:59:601] [INFO] [com.lmtech.cloud.eureka.Application.main()] org.springframework.boot.actuate.endpoint.mvc.EndpointHandlerMapping - Mapped "{[/loggers/{name:.*}],methods=[POST],consumes=[application/vnd.spring-boot.actuator.v1+json || application/json],produces=[application/vnd.spring-boot.actuator.v1+json || application/json]}" onto public java.lang.Object org.springframework.boot.actuate.endpoint.mvc.LoggersMvcEndpoint.set(java.lang.String,java.util.Map<java.lang.String, java.lang.String>)
[2017-12-07 19:50:59:601] [INFO] [com.lmtech.cloud.eureka.Application.main()] org.springframework.boot.actuate.endpoint.mvc.EndpointHandlerMapping - Mapped "{[/loggers || /loggers.json],methods=[GET],produces=[application/vnd.spring-boot.actuator.v1+json || application/json]}" onto public java.lang.Object org.springframework.boot.actuate.endpoint.mvc.EndpointMvcAdapter.invoke()
[2017-12-07 19:50:59:602] [INFO] [com.lmtech.cloud.eureka.Application.main()] org.springframework.boot.actuate.endpoint.mvc.EndpointHandlerMapping - Mapped "{[/mappings || /mappings.json],methods=[GET],produces=[application/vnd.spring-boot.actuator.v1+json || application/json]}" onto public java.lang.Object org.springframework.boot.actuate.endpoint.mvc.EndpointMvcAdapter.invoke()
[2017-12-07 19:50:59:604] [INFO] [com.lmtech.cloud.eureka.Application.main()] org.springframework.boot.actuate.endpoint.mvc.EndpointHandlerMapping - Mapped "{[/pause || /pause.json],methods=[POST]}" onto public java.lang.Object org.springframework.cloud.endpoint.GenericPostableMvcEndpoint.invoke()
[2017-12-07 19:50:59:605] [INFO] [com.lmtech.cloud.eureka.Application.main()] org.springframework.boot.actuate.endpoint.mvc.EndpointHandlerMapping - Mapped "{[/archaius || /archaius.json],methods=[GET],produces=[application/vnd.spring-boot.actuator.v1+json || application/json]}" onto public java.lang.Object org.springframework.boot.actuate.endpoint.mvc.EndpointMvcAdapter.invoke()
[2017-12-07 19:50:59:605] [INFO] [com.lmtech.cloud.eureka.Application.main()] org.springframework.boot.actuate.endpoint.mvc.EndpointHandlerMapping - Mapped "{[/autoconfig || /autoconfig.json],methods=[GET],produces=[application/vnd.spring-boot.actuator.v1+json || application/json]}" onto public java.lang.Object org.springframework.boot.actuate.endpoint.mvc.EndpointMvcAdapter.invoke()
[2017-12-07 19:50:59:607] [INFO] [com.lmtech.cloud.eureka.Application.main()] org.springframework.boot.actuate.endpoint.mvc.EndpointHandlerMapping - Mapped "{[/env],methods=[POST]}" onto public java.lang.Object org.springframework.cloud.context.environment.EnvironmentManagerMvcEndpoint.value(java.util.Map<java.lang.String, java.lang.String>)
[2017-12-07 19:50:59:608] [INFO] [com.lmtech.cloud.eureka.Application.main()] org.springframework.boot.actuate.endpoint.mvc.EndpointHandlerMapping - Mapped "{[/env/reset],methods=[POST]}" onto public java.util.Map<java.lang.String, java.lang.Object> org.springframework.cloud.context.environment.EnvironmentManagerMvcEndpoint.reset()
[2017-12-07 19:50:59:609] [INFO] [com.lmtech.cloud.eureka.Application.main()] org.springframework.boot.actuate.endpoint.mvc.EndpointHandlerMapping - Mapped "{[/metrics/{name:.*}],methods=[GET],produces=[application/vnd.spring-boot.actuator.v1+json || application/json]}" onto public java.lang.Object org.springframework.boot.actuate.endpoint.mvc.MetricsMvcEndpoint.value(java.lang.String)
[2017-12-07 19:50:59:610] [INFO] [com.lmtech.cloud.eureka.Application.main()] org.springframework.boot.actuate.endpoint.mvc.EndpointHandlerMapping - Mapped "{[/metrics || /metrics.json],methods=[GET],produces=[application/vnd.spring-boot.actuator.v1+json || application/json]}" onto public java.lang.Object org.springframework.boot.actuate.endpoint.mvc.EndpointMvcAdapter.invoke()
[2017-12-07 19:50:59:610] [INFO] [com.lmtech.cloud.eureka.Application.main()] org.springframework.boot.actuate.endpoint.mvc.EndpointHandlerMapping - Mapped "{[/info || /info.json],methods=[GET],produces=[application/vnd.spring-boot.actuator.v1+json || application/json]}" onto public java.lang.Object org.springframework.boot.actuate.endpoint.mvc.EndpointMvcAdapter.invoke()
[2017-12-07 19:50:59:611] [INFO] [com.lmtech.cloud.eureka.Application.main()] org.springframework.boot.actuate.endpoint.mvc.EndpointHandlerMapping - Mapped "{[/restart || /restart.json],methods=[POST]}" onto public java.lang.Object org.springframework.cloud.context.restart.RestartMvcEndpoint.invoke()
[2017-12-07 19:50:59:771] [INFO] [com.lmtech.cloud.eureka.Application.main()] org.springframework.ui.freemarker.SpringTemplateLoader - SpringTemplateLoader for FreeMarker: using resource loader [org.springframework.boot.context.embedded.AnnotationConfigEmbeddedWebApplicationContext@164ea646: startup date [Thu Dec 07 19:50:54 CST 2017]; parent: org.springframework.context.annotation.AnnotationConfigApplicationContext@3005de90] and template loader path [classpath:/templates/]
[2017-12-07 19:50:59:773] [INFO] [com.lmtech.cloud.eureka.Application.main()] org.springframework.web.servlet.view.freemarker.FreeMarkerConfigurer - ClassTemplateLoader for Spring macros added to FreeMarker configuration
[2017-12-07 19:50:59:994] [INFO] [com.lmtech.cloud.eureka.Application.main()] org.springframework.cloud.netflix.eureka.InstanceInfoFactory - Setting initial instance status as: STARTING
[2017-12-07 19:51:00:047] [INFO] [com.lmtech.cloud.eureka.Application.main()] com.netflix.discovery.DiscoveryClient - Initializing Eureka in region us-east-1
[2017-12-07 19:51:00:047] [INFO] [com.lmtech.cloud.eureka.Application.main()] com.netflix.discovery.DiscoveryClient - Client configured to neither register nor query for data.
[2017-12-07 19:51:00:064] [INFO] [com.lmtech.cloud.eureka.Application.main()] com.netflix.discovery.DiscoveryClient - Discovery Client initialized at timestamp 1512647460064 with initial instances count: 0
[2017-12-07 19:51:00:176] [INFO] [com.lmtech.cloud.eureka.Application.main()] com.netflix.eureka.DefaultEurekaServerContext - Initializing ...
[2017-12-07 19:51:00:179] [INFO] [com.lmtech.cloud.eureka.Application.main()] com.netflix.eureka.cluster.PeerEurekaNodes - Adding new peer nodes [http://127.0.0.1:9999/eureka/]
[2017-12-07 19:51:00:777] [INFO] [com.lmtech.cloud.eureka.Application.main()] com.netflix.discovery.provider.DiscoveryJerseyProvider - Using JSON encoding codec LegacyJacksonJson
[2017-12-07 19:51:00:777] [INFO] [com.lmtech.cloud.eureka.Application.main()] com.netflix.discovery.provider.DiscoveryJerseyProvider - Using JSON decoding codec LegacyJacksonJson
[2017-12-07 19:51:00:777] [INFO] [com.lmtech.cloud.eureka.Application.main()] com.netflix.discovery.provider.DiscoveryJerseyProvider - Using XML encoding codec XStreamXml
[2017-12-07 19:51:00:777] [INFO] [com.lmtech.cloud.eureka.Application.main()] com.netflix.discovery.provider.DiscoveryJerseyProvider - Using XML decoding codec XStreamXml
[2017-12-07 19:51:00:924] [INFO] [com.lmtech.cloud.eureka.Application.main()] com.netflix.eureka.cluster.PeerEurekaNodes - Replica node URL:  http://127.0.0.1:9999/eureka/
[2017-12-07 19:51:00:935] [INFO] [com.lmtech.cloud.eureka.Application.main()] com.netflix.eureka.registry.AbstractInstanceRegistry - Finished initializing remote region registries. All known remote regions: []
[2017-12-07 19:51:00:936] [INFO] [com.lmtech.cloud.eureka.Application.main()] com.netflix.eureka.DefaultEurekaServerContext - Initialized
[2017-12-07 19:51:01:044] [INFO] [com.lmtech.cloud.eureka.Application.main()] org.springframework.jmx.export.annotation.AnnotationMBeanExporter - Registering beans for JMX exposure on startup
[2017-12-07 19:51:01:058] [INFO] [com.lmtech.cloud.eureka.Application.main()] org.springframework.jmx.export.annotation.AnnotationMBeanExporter - Bean with name 'environmentManager' has been autodetected for JMX exposure
[2017-12-07 19:51:01:060] [INFO] [com.lmtech.cloud.eureka.Application.main()] org.springframework.jmx.export.annotation.AnnotationMBeanExporter - Bean with name 'configurationPropertiesRebinder' has been autodetected for JMX exposure
[2017-12-07 19:51:01:061] [INFO] [com.lmtech.cloud.eureka.Application.main()] org.springframework.jmx.export.annotation.AnnotationMBeanExporter - Bean with name 'refreshEndpoint' has been autodetected for JMX exposure
[2017-12-07 19:51:01:062] [INFO] [com.lmtech.cloud.eureka.Application.main()] org.springframework.jmx.export.annotation.AnnotationMBeanExporter - Bean with name 'restartEndpoint' has been autodetected for JMX exposure
[2017-12-07 19:51:01:063] [INFO] [com.lmtech.cloud.eureka.Application.main()] org.springframework.jmx.export.annotation.AnnotationMBeanExporter - Bean with name 'serviceRegistryEndpoint' has been autodetected for JMX exposure
[2017-12-07 19:51:01:064] [INFO] [com.lmtech.cloud.eureka.Application.main()] org.springframework.jmx.export.annotation.AnnotationMBeanExporter - Bean with name 'refreshScope' has been autodetected for JMX exposure
[2017-12-07 19:51:01:071] [INFO] [com.lmtech.cloud.eureka.Application.main()] org.springframework.jmx.export.annotation.AnnotationMBeanExporter - Located managed bean 'environmentManager': registering with JMX server as MBean [org.springframework.cloud.context.environment:name=environmentManager,type=EnvironmentManager]
[2017-12-07 19:51:01:096] [INFO] [com.lmtech.cloud.eureka.Application.main()] org.springframework.jmx.export.annotation.AnnotationMBeanExporter - Located managed bean 'restartEndpoint': registering with JMX server as MBean [org.springframework.cloud.context.restart:name=restartEndpoint,type=RestartEndpoint]
[2017-12-07 19:51:01:109] [INFO] [com.lmtech.cloud.eureka.Application.main()] org.springframework.jmx.export.annotation.AnnotationMBeanExporter - Located managed bean 'serviceRegistryEndpoint': registering with JMX server as MBean [org.springframework.cloud.client.serviceregistry.endpoint:name=serviceRegistryEndpoint,type=ServiceRegistryEndpoint]
[2017-12-07 19:51:01:117] [INFO] [com.lmtech.cloud.eureka.Application.main()] org.springframework.jmx.export.annotation.AnnotationMBeanExporter - Located managed bean 'refreshScope': registering with JMX server as MBean [org.springframework.cloud.context.scope.refresh:name=refreshScope,type=RefreshScope]
[2017-12-07 19:51:01:130] [INFO] [com.lmtech.cloud.eureka.Application.main()] org.springframework.jmx.export.annotation.AnnotationMBeanExporter - Located managed bean 'configurationPropertiesRebinder': registering with JMX server as MBean [org.springframework.cloud.context.properties:name=configurationPropertiesRebinder,context=164ea646,type=ConfigurationPropertiesRebinder]
[2017-12-07 19:51:01:135] [INFO] [com.lmtech.cloud.eureka.Application.main()] org.springframework.jmx.export.annotation.AnnotationMBeanExporter - Located managed bean 'refreshEndpoint': registering with JMX server as MBean [org.springframework.cloud.endpoint:name=refreshEndpoint,type=RefreshEndpoint]
[2017-12-07 19:51:01:137] [INFO] [com.lmtech.cloud.eureka.Application.main()] org.springframework.boot.actuate.endpoint.jmx.EndpointMBeanExporter - Registering beans for JMX exposure on startup
[2017-12-07 19:51:01:535] [INFO] [com.lmtech.cloud.eureka.Application.main()] org.springframework.context.support.DefaultLifecycleProcessor - Starting beans in phase 0
[2017-12-07 19:51:01:536] [INFO] [com.lmtech.cloud.eureka.Application.main()] org.springframework.cloud.netflix.eureka.serviceregistry.EurekaServiceRegistry - Registering application lmtech-eureka with eureka with status UP
[2017-12-07 19:51:01:539] [INFO] [com.lmtech.cloud.eureka.Application.main()] org.springframework.boot.actuate.endpoint.jmx.EndpointMBeanExporter - Located managed bean 'auditEventsEndpoint': registering with JMX server as MBean [org.springframework.boot:type=Endpoint,name=auditEventsEndpoint]
[2017-12-07 19:51:01:546] [INFO] [com.lmtech.cloud.eureka.Application.main()] org.springframework.boot.actuate.endpoint.jmx.EndpointMBeanExporter - Located managed bean 'archaiusEndpoint': registering with JMX server as MBean [org.springframework.boot:type=Endpoint,name=archaiusEndpoint]
[2017-12-07 19:51:01:550] [INFO] [com.lmtech.cloud.eureka.Application.main()] org.springframework.boot.actuate.endpoint.jmx.EndpointMBeanExporter - Located managed bean 'featuresEndpoint': registering with JMX server as MBean [org.springframework.boot:type=Endpoint,name=featuresEndpoint]
[2017-12-07 19:51:01:553] [INFO] [com.lmtech.cloud.eureka.Application.main()] org.springframework.boot.actuate.endpoint.jmx.EndpointMBeanExporter - Located managed bean 'requestMappingEndpoint': registering with JMX server as MBean [org.springframework.boot:type=Endpoint,name=requestMappingEndpoint]
[2017-12-07 19:51:01:555] [INFO] [com.lmtech.cloud.eureka.Application.main()] org.springframework.boot.actuate.endpoint.jmx.EndpointMBeanExporter - Located managed bean 'environmentEndpoint': registering with JMX server as MBean [org.springframework.boot:type=Endpoint,name=environmentEndpoint]
[2017-12-07 19:51:01:558] [INFO] [com.lmtech.cloud.eureka.Application.main()] org.springframework.boot.actuate.endpoint.jmx.EndpointMBeanExporter - Located managed bean 'healthEndpoint': registering with JMX server as MBean [org.springframework.boot:type=Endpoint,name=healthEndpoint]
[2017-12-07 19:51:01:560] [INFO] [com.lmtech.cloud.eureka.Application.main()] org.springframework.boot.actuate.endpoint.jmx.EndpointMBeanExporter - Located managed bean 'beansEndpoint': registering with JMX server as MBean [org.springframework.boot:type=Endpoint,name=beansEndpoint]
[2017-12-07 19:51:01:562] [INFO] [com.lmtech.cloud.eureka.Application.main()] org.springframework.boot.actuate.endpoint.jmx.EndpointMBeanExporter - Located managed bean 'infoEndpoint': registering with JMX server as MBean [org.springframework.boot:type=Endpoint,name=infoEndpoint]
[2017-12-07 19:51:01:565] [INFO] [com.lmtech.cloud.eureka.Application.main()] org.springframework.boot.actuate.endpoint.jmx.EndpointMBeanExporter - Located managed bean 'loggersEndpoint': registering with JMX server as MBean [org.springframework.boot:type=Endpoint,name=loggersEndpoint]
[2017-12-07 19:51:01:574] [INFO] [com.lmtech.cloud.eureka.Application.main()] org.springframework.boot.actuate.endpoint.jmx.EndpointMBeanExporter - Located managed bean 'metricsEndpoint': registering with JMX server as MBean [org.springframework.boot:type=Endpoint,name=metricsEndpoint]
[2017-12-07 19:51:01:576] [INFO] [com.lmtech.cloud.eureka.Application.main()] org.springframework.boot.actuate.endpoint.jmx.EndpointMBeanExporter - Located managed bean 'traceEndpoint': registering with JMX server as MBean [org.springframework.boot:type=Endpoint,name=traceEndpoint]
[2017-12-07 19:51:01:578] [INFO] [com.lmtech.cloud.eureka.Application.main()] org.springframework.boot.actuate.endpoint.jmx.EndpointMBeanExporter - Located managed bean 'dumpEndpoint': registering with JMX server as MBean [org.springframework.boot:type=Endpoint,name=dumpEndpoint]
[2017-12-07 19:51:01:580] [INFO] [com.lmtech.cloud.eureka.Application.main()] org.springframework.boot.actuate.endpoint.jmx.EndpointMBeanExporter - Located managed bean 'autoConfigurationReportEndpoint': registering with JMX server as MBean [org.springframework.boot:type=Endpoint,name=autoConfigurationReportEndpoint]
[2017-12-07 19:51:01:583] [INFO] [com.lmtech.cloud.eureka.Application.main()] org.springframework.boot.actuate.endpoint.jmx.EndpointMBeanExporter - Located managed bean 'configurationPropertiesReportEndpoint': registering with JMX server as MBean [org.springframework.boot:type=Endpoint,name=configurationPropertiesReportEndpoint]
[2017-12-07 19:51:01:587] [INFO] [Thread-11] org.springframework.cloud.netflix.eureka.server.EurekaServerBootstrap - Setting the eureka configuration..
[2017-12-07 19:51:01:588] [INFO] [Thread-11] org.springframework.cloud.netflix.eureka.server.EurekaServerBootstrap - Eureka data center value eureka.datacenter is not set, defaulting to default
[2017-12-07 19:51:01:589] [INFO] [Thread-11] org.springframework.cloud.netflix.eureka.server.EurekaServerBootstrap - Eureka environment value eureka.environment is not set, defaulting to test
[2017-12-07 19:51:01:606] [INFO] [Thread-11] org.springframework.cloud.netflix.eureka.server.EurekaServerBootstrap - isAws returned false
[2017-12-07 19:51:01:607] [INFO] [Thread-11] org.springframework.cloud.netflix.eureka.server.EurekaServerBootstrap - Initialized server context
[2017-12-07 19:51:01:607] [INFO] [Thread-11] com.netflix.eureka.registry.PeerAwareInstanceRegistryImpl - Got 1 instances from neighboring DS node
[2017-12-07 19:51:01:607] [INFO] [Thread-11] com.netflix.eureka.registry.PeerAwareInstanceRegistryImpl - Renew threshold is: 1
[2017-12-07 19:51:01:607] [INFO] [Thread-11] com.netflix.eureka.registry.PeerAwareInstanceRegistryImpl - Changing status to UP
[2017-12-07 19:51:01:614] [INFO] [Thread-11] org.springframework.cloud.netflix.eureka.server.EurekaServerInitializerConfiguration - Started Eureka Server
[2017-12-07 19:51:01:616] [INFO] [com.lmtech.cloud.eureka.Application.main()] org.apache.coyote.http11.Http11NioProtocol - Initializing ProtocolHandler ["http-nio-9999"]
[2017-12-07 19:51:01:633] [INFO] [com.lmtech.cloud.eureka.Application.main()] org.apache.coyote.http11.Http11NioProtocol - Starting ProtocolHandler ["http-nio-9999"]
[2017-12-07 19:51:01:653] [INFO] [com.lmtech.cloud.eureka.Application.main()] org.apache.tomcat.util.net.NioSelectorPool - Using a shared selector for servlet write/read
[2017-12-07 19:51:01:689] [INFO] [com.lmtech.cloud.eureka.Application.main()] org.springframework.boot.context.embedded.tomcat.TomcatEmbeddedServletContainer - Tomcat started on port(s): 9999 (http)
[2017-12-07 19:51:01:690] [INFO] [com.lmtech.cloud.eureka.Application.main()] org.springframework.cloud.netflix.eureka.serviceregistry.EurekaAutoServiceRegistration - Updating port to 9999
[2017-12-07 19:51:01:697] [INFO] [com.lmtech.cloud.eureka.Application.main()] com.lmtech.cloud.eureka.Application - Started Application in 9.124 seconds (JVM running for 14.311)
